{"level":"info","message":"Schedulers initialized","service":"delivery-management","timestamp":"2025-04-28 06:40:59"}
{"level":"debug","message":"Running scheduled task: Process pending deliveries","service":"delivery-management","timestamp":"2025-04-28 06:41:29"}
{"level":"error","message":"MongoDB connection error: connect ECONNREFUSED ::1:27017, connect ECONNREFUSED 127.0.0.1:27017","service":"delivery-management","timestamp":"2025-04-28 06:41:29"}
{"level":"info","message":"Schedulers initialized","service":"delivery-management","timestamp":"2025-04-28 06:45:03"}
{"level":"info","message":"Connected to MongoDB","service":"delivery-management","timestamp":"2025-04-28 06:45:04"}
{"level":"info","message":"Delivery Management Service running on port 3003","service":"delivery-management","timestamp":"2025-04-28 06:45:04"}
{"level":"debug","message":"Running scheduled task: Process pending deliveries","service":"delivery-management","timestamp":"2025-04-28 06:45:33"}
{"level":"info","message":"Processing 0 pending deliveries","service":"delivery-management","timestamp":"2025-04-28 06:45:33"}
{"level":"debug","message":"Running scheduled task: Process pending deliveries","service":"delivery-management","timestamp":"2025-04-28 06:46:03"}
{"level":"info","message":"Processing 0 pending deliveries","service":"delivery-management","timestamp":"2025-04-28 06:46:03"}
{"level":"debug","message":"Running scheduled task: Process pending deliveries","service":"delivery-management","timestamp":"2025-04-28 06:46:33"}
{"level":"info","message":"Processing 0 pending deliveries","service":"delivery-management","timestamp":"2025-04-28 06:46:33"}
{"level":"debug","message":"Running scheduled task: Process pending deliveries","service":"delivery-management","timestamp":"2025-04-28 06:47:03"}
{"level":"info","message":"Processing 0 pending deliveries","service":"delivery-management","timestamp":"2025-04-28 06:47:03"}
{"level":"debug","message":"Running scheduled task: Process pending deliveries","service":"delivery-management","timestamp":"2025-04-28 06:47:33"}
{"level":"info","message":"Processing 0 pending deliveries","service":"delivery-management","timestamp":"2025-04-28 06:47:33"}
{"level":"debug","message":"Running scheduled task: Process pending deliveries","service":"delivery-management","timestamp":"2025-04-28 06:48:03"}
{"level":"info","message":"Processing 0 pending deliveries","service":"delivery-management","timestamp":"2025-04-28 06:48:03"}
{"level":"debug","message":"Running scheduled task: Process pending deliveries","service":"delivery-management","timestamp":"2025-04-28 06:48:33"}
{"level":"info","message":"Processing 0 pending deliveries","service":"delivery-management","timestamp":"2025-04-28 06:48:33"}
{"level":"debug","message":"Running scheduled task: Process pending deliveries","service":"delivery-management","timestamp":"2025-04-28 06:49:03"}
{"level":"info","message":"Processing 0 pending deliveries","service":"delivery-management","timestamp":"2025-04-28 06:49:03"}
{"level":"debug","message":"Running scheduled task: Process pending deliveries","service":"delivery-management","timestamp":"2025-04-28 06:49:33"}
{"level":"info","message":"Processing 0 pending deliveries","service":"delivery-management","timestamp":"2025-04-28 06:49:33"}
{"level":"debug","message":"Running scheduled task: Process pending deliveries","service":"delivery-management","timestamp":"2025-04-28 06:50:03"}
{"level":"info","message":"Processing 0 pending deliveries","service":"delivery-management","timestamp":"2025-04-28 06:50:03"}
{"level":"debug","message":"Running scheduled task: Process pending deliveries","service":"delivery-management","timestamp":"2025-04-28 06:50:33"}
{"level":"info","message":"Processing 0 pending deliveries","service":"delivery-management","timestamp":"2025-04-28 06:50:33"}
{"level":"debug","message":"Running scheduled task: Process pending deliveries","service":"delivery-management","timestamp":"2025-04-28 06:51:03"}
{"level":"info","message":"Processing 0 pending deliveries","service":"delivery-management","timestamp":"2025-04-28 06:51:03"}
{"level":"debug","message":"Running scheduled task: Process pending deliveries","service":"delivery-management","timestamp":"2025-04-28 06:51:33"}
{"level":"info","message":"Processing 0 pending deliveries","service":"delivery-management","timestamp":"2025-04-28 06:51:33"}
{"level":"debug","message":"Running scheduled task: Process pending deliveries","service":"delivery-management","timestamp":"2025-04-28 06:52:03"}
{"level":"info","message":"Processing 0 pending deliveries","service":"delivery-management","timestamp":"2025-04-28 06:52:03"}
{"level":"debug","message":"Running scheduled task: Process pending deliveries","service":"delivery-management","timestamp":"2025-04-28 06:52:33"}
{"level":"info","message":"Processing 0 pending deliveries","service":"delivery-management","timestamp":"2025-04-28 06:52:33"}
{"level":"warn","message":"Invalid token: invalid signature","service":"delivery-management","timestamp":"2025-04-28 06:52:46"}
{"level":"debug","message":"Running scheduled task: Process pending deliveries","service":"delivery-management","timestamp":"2025-04-28 06:53:03"}
{"level":"info","message":"Processing 0 pending deliveries","service":"delivery-management","timestamp":"2025-04-28 06:53:03"}
{"level":"debug","message":"Running scheduled task: Process pending deliveries","service":"delivery-management","timestamp":"2025-04-28 06:53:33"}
{"level":"info","message":"Processing 0 pending deliveries","service":"delivery-management","timestamp":"2025-04-28 06:53:33"}
{"level":"debug","message":"Running scheduled task: Process pending deliveries","service":"delivery-management","timestamp":"2025-04-28 06:54:03"}
{"level":"info","message":"Processing 0 pending deliveries","service":"delivery-management","timestamp":"2025-04-28 06:54:03"}
{"level":"info","message":"Schedulers initialized","service":"delivery-management","timestamp":"2025-04-28 06:54:28"}
{"level":"info","message":"Connected to MongoDB","service":"delivery-management","timestamp":"2025-04-28 06:54:29"}
{"level":"info","message":"Delivery Management Service running on port 3003","service":"delivery-management","timestamp":"2025-04-28 06:54:29"}
{"level":"debug","message":"Running scheduled task: Process pending deliveries","service":"delivery-management","timestamp":"2025-04-28 06:54:58"}
{"level":"info","message":"Processing 0 pending deliveries","service":"delivery-management","timestamp":"2025-04-28 06:54:58"}
{"level":"debug","message":"Running scheduled task: Process pending deliveries","service":"delivery-management","timestamp":"2025-04-28 06:55:28"}
{"level":"info","message":"Processing 0 pending deliveries","service":"delivery-management","timestamp":"2025-04-28 06:55:28"}
{"level":"debug","message":"Running scheduled task: Process pending deliveries","service":"delivery-management","timestamp":"2025-04-28 06:55:58"}
{"level":"info","message":"Processing 0 pending deliveries","service":"delivery-management","timestamp":"2025-04-28 06:55:58"}
{"level":"debug","message":"Running scheduled task: Process pending deliveries","service":"delivery-management","timestamp":"2025-04-28 06:56:28"}
{"level":"info","message":"Processing 0 pending deliveries","service":"delivery-management","timestamp":"2025-04-28 06:56:28"}
{"level":"info","message":"New driver registered: 680ed948e086afed2a7c84bc","service":"delivery-management","timestamp":"2025-04-28 06:56:32"}
{"level":"debug","message":"Running scheduled task: Process pending deliveries","service":"delivery-management","timestamp":"2025-04-28 06:56:58"}
{"level":"info","message":"Processing 0 pending deliveries","service":"delivery-management","timestamp":"2025-04-28 06:56:58"}
{"level":"debug","message":"Running scheduled task: Process pending deliveries","service":"delivery-management","timestamp":"2025-04-28 06:57:28"}
{"level":"info","message":"Processing 0 pending deliveries","service":"delivery-management","timestamp":"2025-04-28 06:57:28"}
{"level":"debug","message":"Running scheduled task: Process pending deliveries","service":"delivery-management","timestamp":"2025-04-28 06:57:58"}
{"level":"info","message":"Processing 0 pending deliveries","service":"delivery-management","timestamp":"2025-04-28 06:57:58"}
{"level":"debug","message":"Running scheduled task: Process pending deliveries","service":"delivery-management","timestamp":"2025-04-28 06:58:28"}
{"level":"info","message":"Processing 0 pending deliveries","service":"delivery-management","timestamp":"2025-04-28 06:58:28"}
{"level":"debug","message":"Running scheduled task: Process pending deliveries","service":"delivery-management","timestamp":"2025-04-28 06:58:58"}
{"level":"info","message":"Processing 0 pending deliveries","service":"delivery-management","timestamp":"2025-04-28 06:58:58"}
{"level":"debug","message":"Running scheduled task: Process pending deliveries","service":"delivery-management","timestamp":"2025-04-28 06:59:28"}
{"level":"info","message":"Processing 0 pending deliveries","service":"delivery-management","timestamp":"2025-04-28 06:59:28"}
{"level":"debug","message":"Running scheduled task: Process pending deliveries","service":"delivery-management","timestamp":"2025-04-28 06:59:58"}
{"level":"info","message":"Processing 0 pending deliveries","service":"delivery-management","timestamp":"2025-04-28 06:59:58"}
{"level":"debug","message":"Running scheduled task: Process pending deliveries","service":"delivery-management","timestamp":"2025-04-28 07:00:28"}
{"level":"info","message":"Processing 0 pending deliveries","service":"delivery-management","timestamp":"2025-04-28 07:00:28"}
{"level":"debug","message":"Running scheduled task: Process pending deliveries","service":"delivery-management","timestamp":"2025-04-28 07:00:58"}
{"level":"info","message":"Processing 0 pending deliveries","service":"delivery-management","timestamp":"2025-04-28 07:00:58"}
{"level":"debug","message":"Running scheduled task: Process pending deliveries","service":"delivery-management","timestamp":"2025-04-28 07:01:28"}
{"level":"info","message":"Processing 0 pending deliveries","service":"delivery-management","timestamp":"2025-04-28 07:01:28"}
{"level":"debug","message":"Running scheduled task: Process pending deliveries","service":"delivery-management","timestamp":"2025-04-28 07:01:58"}
{"level":"info","message":"Processing 0 pending deliveries","service":"delivery-management","timestamp":"2025-04-28 07:01:58"}
{"level":"debug","message":"Running scheduled task: Process pending deliveries","service":"delivery-management","timestamp":"2025-04-28 07:02:28"}
{"level":"info","message":"Processing 0 pending deliveries","service":"delivery-management","timestamp":"2025-04-28 07:02:28"}
{"level":"debug","message":"Running scheduled task: Process pending deliveries","service":"delivery-management","timestamp":"2025-04-28 07:02:58"}
{"level":"info","message":"Processing 0 pending deliveries","service":"delivery-management","timestamp":"2025-04-28 07:02:58"}
{"level":"debug","message":"Running scheduled task: Process pending deliveries","service":"delivery-management","timestamp":"2025-04-28 07:03:28"}
{"level":"info","message":"Processing 0 pending deliveries","service":"delivery-management","timestamp":"2025-04-28 07:03:28"}
{"level":"debug","message":"Running scheduled task: Process pending deliveries","service":"delivery-management","timestamp":"2025-04-28 07:03:58"}
{"level":"info","message":"Processing 0 pending deliveries","service":"delivery-management","timestamp":"2025-04-28 07:03:58"}
{"level":"debug","message":"Running scheduled task: Process pending deliveries","service":"delivery-management","timestamp":"2025-04-28 07:04:28"}
{"level":"info","message":"Processing 0 pending deliveries","service":"delivery-management","timestamp":"2025-04-28 07:04:28"}
{"level":"debug","message":"Running scheduled task: Process pending deliveries","service":"delivery-management","timestamp":"2025-04-28 07:04:58"}
{"level":"info","message":"Processing 0 pending deliveries","service":"delivery-management","timestamp":"2025-04-28 07:04:58"}
{"level":"debug","message":"Running scheduled task: Process pending deliveries","service":"delivery-management","timestamp":"2025-04-28 07:05:28"}
{"level":"info","message":"Processing 0 pending deliveries","service":"delivery-management","timestamp":"2025-04-28 07:05:28"}
{"level":"debug","message":"Running scheduled task: Process pending deliveries","service":"delivery-management","timestamp":"2025-04-28 07:05:58"}
{"level":"info","message":"Processing 0 pending deliveries","service":"delivery-management","timestamp":"2025-04-28 07:05:58"}
{"level":"debug","message":"Running scheduled task: Process pending deliveries","service":"delivery-management","timestamp":"2025-04-28 07:06:28"}
{"level":"info","message":"Processing 0 pending deliveries","service":"delivery-management","timestamp":"2025-04-28 07:06:28"}
{"level":"debug","message":"Running scheduled task: Process pending deliveries","service":"delivery-management","timestamp":"2025-04-28 07:06:58"}
{"level":"info","message":"Processing 0 pending deliveries","service":"delivery-management","timestamp":"2025-04-28 07:06:58"}
{"level":"debug","message":"Running scheduled task: Process pending deliveries","service":"delivery-management","timestamp":"2025-04-28 07:07:28"}
{"level":"info","message":"Processing 0 pending deliveries","service":"delivery-management","timestamp":"2025-04-28 07:07:28"}
{"level":"debug","message":"Running scheduled task: Process pending deliveries","service":"delivery-management","timestamp":"2025-04-28 07:07:58"}
{"level":"info","message":"Processing 0 pending deliveries","service":"delivery-management","timestamp":"2025-04-28 07:07:58"}
{"level":"debug","message":"Running scheduled task: Process pending deliveries","service":"delivery-management","timestamp":"2025-04-28 07:08:28"}
{"level":"info","message":"Processing 0 pending deliveries","service":"delivery-management","timestamp":"2025-04-28 07:08:28"}
{"level":"debug","message":"Running scheduled task: Process pending deliveries","service":"delivery-management","timestamp":"2025-04-28 07:08:58"}
{"level":"info","message":"Processing 0 pending deliveries","service":"delivery-management","timestamp":"2025-04-28 07:08:58"}
{"level":"debug","message":"Running scheduled task: Process pending deliveries","service":"delivery-management","timestamp":"2025-04-28 07:09:28"}
{"level":"info","message":"Processing 0 pending deliveries","service":"delivery-management","timestamp":"2025-04-28 07:09:28"}
{"level":"debug","message":"Running scheduled task: Process pending deliveries","service":"delivery-management","timestamp":"2025-04-28 07:09:58"}
{"level":"info","message":"Processing 0 pending deliveries","service":"delivery-management","timestamp":"2025-04-28 07:09:58"}
{"level":"debug","message":"Running scheduled task: Process pending deliveries","service":"delivery-management","timestamp":"2025-04-28 07:10:28"}
{"level":"info","message":"Processing 0 pending deliveries","service":"delivery-management","timestamp":"2025-04-28 07:10:28"}
{"level":"debug","message":"Running scheduled task: Process pending deliveries","service":"delivery-management","timestamp":"2025-04-28 07:10:58"}
{"level":"info","message":"Processing 0 pending deliveries","service":"delivery-management","timestamp":"2025-04-28 07:10:58"}
{"level":"debug","message":"Running scheduled task: Process pending deliveries","service":"delivery-management","timestamp":"2025-04-28 07:11:28"}
{"level":"info","message":"Processing 0 pending deliveries","service":"delivery-management","timestamp":"2025-04-28 07:11:28"}
{"level":"debug","message":"Running scheduled task: Process pending deliveries","service":"delivery-management","timestamp":"2025-04-28 07:11:58"}
{"level":"info","message":"Processing 0 pending deliveries","service":"delivery-management","timestamp":"2025-04-28 07:11:58"}
{"level":"debug","message":"Running scheduled task: Process pending deliveries","service":"delivery-management","timestamp":"2025-04-28 07:12:28"}
{"level":"info","message":"Processing 0 pending deliveries","service":"delivery-management","timestamp":"2025-04-28 07:12:28"}
{"level":"info","message":"New driver registered: 680edd15e086afed2a7c84df","service":"delivery-management","timestamp":"2025-04-28 07:12:45"}
{"level":"debug","message":"Running scheduled task: Process pending deliveries","service":"delivery-management","timestamp":"2025-04-28 07:12:58"}
{"level":"info","message":"Processing 0 pending deliveries","service":"delivery-management","timestamp":"2025-04-28 07:12:58"}
{"level":"debug","message":"Running scheduled task: Process pending deliveries","service":"delivery-management","timestamp":"2025-04-28 07:13:28"}
{"level":"info","message":"Processing 0 pending deliveries","service":"delivery-management","timestamp":"2025-04-28 07:13:28"}
{"level":"debug","message":"Running scheduled task: Process pending deliveries","service":"delivery-management","timestamp":"2025-04-28 07:13:58"}
{"level":"info","message":"Processing 0 pending deliveries","service":"delivery-management","timestamp":"2025-04-28 07:13:58"}
{"level":"debug","message":"Running scheduled task: Process pending deliveries","service":"delivery-management","timestamp":"2025-04-28 07:14:28"}
{"level":"info","message":"Processing 0 pending deliveries","service":"delivery-management","timestamp":"2025-04-28 07:14:28"}
{"level":"debug","message":"Running scheduled task: Process pending deliveries","service":"delivery-management","timestamp":"2025-04-28 07:14:58"}
{"level":"info","message":"Processing 0 pending deliveries","service":"delivery-management","timestamp":"2025-04-28 07:14:58"}
{"level":"debug","message":"Running scheduled task: Process pending deliveries","service":"delivery-management","timestamp":"2025-04-28 07:15:28"}
{"level":"info","message":"Processing 0 pending deliveries","service":"delivery-management","timestamp":"2025-04-28 07:15:28"}
{"level":"debug","message":"Running scheduled task: Process pending deliveries","service":"delivery-management","timestamp":"2025-04-28 07:15:58"}
{"level":"info","message":"Processing 0 pending deliveries","service":"delivery-management","timestamp":"2025-04-28 07:15:58"}
{"level":"debug","message":"Running scheduled task: Process pending deliveries","service":"delivery-management","timestamp":"2025-04-28 07:16:28"}
{"level":"info","message":"Processing 0 pending deliveries","service":"delivery-management","timestamp":"2025-04-28 07:16:28"}
{"level":"debug","message":"Running scheduled task: Process pending deliveries","service":"delivery-management","timestamp":"2025-04-28 07:16:58"}
{"level":"info","message":"Processing 0 pending deliveries","service":"delivery-management","timestamp":"2025-04-28 07:16:58"}
{"level":"debug","message":"Running scheduled task: Process pending deliveries","service":"delivery-management","timestamp":"2025-04-28 07:17:28"}
{"level":"info","message":"Processing 0 pending deliveries","service":"delivery-management","timestamp":"2025-04-28 07:17:28"}
{"level":"debug","message":"Running scheduled task: Process pending deliveries","service":"delivery-management","timestamp":"2025-04-28 07:17:58"}
{"level":"info","message":"Processing 0 pending deliveries","service":"delivery-management","timestamp":"2025-04-28 07:17:58"}
{"level":"debug","message":"Running scheduled task: Process pending deliveries","service":"delivery-management","timestamp":"2025-04-28 07:18:28"}
{"level":"info","message":"Processing 0 pending deliveries","service":"delivery-management","timestamp":"2025-04-28 07:18:28"}
{"level":"debug","message":"Running scheduled task: Process pending deliveries","service":"delivery-management","timestamp":"2025-04-28 07:18:58"}
{"level":"info","message":"Processing 0 pending deliveries","service":"delivery-management","timestamp":"2025-04-28 07:18:58"}
{"level":"info","message":"Schedulers initialized","service":"delivery-management","timestamp":"2025-04-28 07:19:03"}
{"level":"info","message":"Connected to MongoDB","service":"delivery-management","timestamp":"2025-04-28 07:19:04"}
{"level":"info","message":"Delivery Management Service running on port 3003","service":"delivery-management","timestamp":"2025-04-28 07:19:04"}
{"level":"debug","message":"Running scheduled task: Process pending deliveries","service":"delivery-management","timestamp":"2025-04-28 07:19:33"}
{"level":"info","message":"Processing 0 pending deliveries","service":"delivery-management","timestamp":"2025-04-28 07:19:33"}
{"level":"debug","message":"Running scheduled task: Process pending deliveries","service":"delivery-management","timestamp":"2025-04-28 07:20:03"}
{"level":"info","message":"Processing 0 pending deliveries","service":"delivery-management","timestamp":"2025-04-28 07:20:03"}
{"level":"debug","message":"Running scheduled task: Process pending deliveries","service":"delivery-management","timestamp":"2025-04-28 07:20:33"}
{"level":"info","message":"Processing 0 pending deliveries","service":"delivery-management","timestamp":"2025-04-28 07:20:33"}
{"level":"info","message":"Driver 680edd15e086afed2a7c84df availability updated to true","service":"delivery-management","timestamp":"2025-04-28 07:20:35"}
{"level":"debug","message":"Running scheduled task: Process pending deliveries","service":"delivery-management","timestamp":"2025-04-28 07:21:03"}
{"level":"info","message":"Processing 0 pending deliveries","service":"delivery-management","timestamp":"2025-04-28 07:21:03"}
{"level":"debug","message":"Running scheduled task: Process pending deliveries","service":"delivery-management","timestamp":"2025-04-28 07:21:33"}
{"level":"info","message":"Processing 0 pending deliveries","service":"delivery-management","timestamp":"2025-04-28 07:21:33"}
{"level":"debug","message":"Running scheduled task: Process pending deliveries","service":"delivery-management","timestamp":"2025-04-28 07:22:03"}
{"level":"info","message":"Processing 0 pending deliveries","service":"delivery-management","timestamp":"2025-04-28 07:22:03"}
{"level":"debug","message":"Running scheduled task: Process pending deliveries","service":"delivery-management","timestamp":"2025-04-28 07:22:33"}
{"level":"info","message":"Processing 0 pending deliveries","service":"delivery-management","timestamp":"2025-04-28 07:22:33"}
{"level":"debug","message":"Running scheduled task: Process pending deliveries","service":"delivery-management","timestamp":"2025-04-28 07:23:03"}
{"level":"info","message":"Processing 0 pending deliveries","service":"delivery-management","timestamp":"2025-04-28 07:23:03"}
{"level":"debug","message":"Running scheduled task: Process pending deliveries","service":"delivery-management","timestamp":"2025-04-28 07:23:33"}
{"level":"info","message":"Processing 0 pending deliveries","service":"delivery-management","timestamp":"2025-04-28 07:23:33"}
{"level":"debug","message":"Running scheduled task: Process pending deliveries","service":"delivery-management","timestamp":"2025-04-28 07:24:03"}
{"level":"info","message":"Processing 0 pending deliveries","service":"delivery-management","timestamp":"2025-04-28 07:24:03"}
{"level":"debug","message":"Running scheduled task: Process pending deliveries","service":"delivery-management","timestamp":"2025-04-28 07:24:33"}
{"level":"info","message":"Processing 0 pending deliveries","service":"delivery-management","timestamp":"2025-04-28 07:24:33"}
{"level":"debug","message":"Running scheduled task: Process pending deliveries","service":"delivery-management","timestamp":"2025-04-28 07:25:03"}
{"level":"info","message":"Processing 0 pending deliveries","service":"delivery-management","timestamp":"2025-04-28 07:25:03"}
{"level":"debug","message":"Running scheduled task: Process pending deliveries","service":"delivery-management","timestamp":"2025-04-28 07:25:33"}
{"level":"info","message":"Processing 0 pending deliveries","service":"delivery-management","timestamp":"2025-04-28 07:25:33"}
{"level":"debug","message":"Running scheduled task: Process pending deliveries","service":"delivery-management","timestamp":"2025-04-28 07:26:03"}
{"level":"info","message":"Processing 0 pending deliveries","service":"delivery-management","timestamp":"2025-04-28 07:26:03"}
{"level":"debug","message":"Running scheduled task: Process pending deliveries","service":"delivery-management","timestamp":"2025-04-28 07:26:33"}
{"level":"info","message":"Processing 0 pending deliveries","service":"delivery-management","timestamp":"2025-04-28 07:26:33"}
{"level":"debug","message":"Running scheduled task: Process pending deliveries","service":"delivery-management","timestamp":"2025-04-28 07:27:03"}
{"level":"info","message":"Processing 0 pending deliveries","service":"delivery-management","timestamp":"2025-04-28 07:27:03"}
{"level":"debug","message":"Running scheduled task: Process pending deliveries","service":"delivery-management","timestamp":"2025-04-28 07:27:33"}
{"level":"info","message":"Processing 0 pending deliveries","service":"delivery-management","timestamp":"2025-04-28 07:27:33"}
{"level":"debug","message":"Running scheduled task: Process pending deliveries","service":"delivery-management","timestamp":"2025-04-28 07:28:03"}
{"level":"info","message":"Processing 0 pending deliveries","service":"delivery-management","timestamp":"2025-04-28 07:28:03"}
{"level":"debug","message":"Running scheduled task: Process pending deliveries","service":"delivery-management","timestamp":"2025-04-28 07:28:33"}
{"level":"info","message":"Processing 0 pending deliveries","service":"delivery-management","timestamp":"2025-04-28 07:28:33"}
{"level":"debug","message":"Running scheduled task: Process pending deliveries","service":"delivery-management","timestamp":"2025-04-28 07:29:03"}
{"level":"info","message":"Processing 0 pending deliveries","service":"delivery-management","timestamp":"2025-04-28 07:29:03"}
{"level":"debug","message":"Running scheduled task: Process pending deliveries","service":"delivery-management","timestamp":"2025-04-28 07:29:33"}
{"level":"info","message":"Processing 0 pending deliveries","service":"delivery-management","timestamp":"2025-04-28 07:29:33"}
{"level":"info","message":"Schedulers initialized","service":"delivery-management","timestamp":"2025-04-28 07:30:00"}
{"level":"info","message":"Connected to MongoDB","service":"delivery-management","timestamp":"2025-04-28 07:30:01"}
{"level":"info","message":"Delivery Management Service running on port 3003","service":"delivery-management","timestamp":"2025-04-28 07:30:01"}
{"level":"debug","message":"Running scheduled task: Process pending deliveries","service":"delivery-management","timestamp":"2025-04-28 07:30:30"}
{"level":"info","message":"Processing 0 pending deliveries","service":"delivery-management","timestamp":"2025-04-28 07:30:30"}
{"level":"debug","message":"Running scheduled task: Process pending deliveries","service":"delivery-management","timestamp":"2025-04-28 07:31:00"}
{"level":"info","message":"Processing 0 pending deliveries","service":"delivery-management","timestamp":"2025-04-28 07:31:00"}
{"level":"debug","message":"Running scheduled task: Process pending deliveries","service":"delivery-management","timestamp":"2025-04-28 07:31:30"}
{"level":"info","message":"Processing 0 pending deliveries","service":"delivery-management","timestamp":"2025-04-28 07:31:30"}
{"level":"debug","message":"Running scheduled task: Process pending deliveries","service":"delivery-management","timestamp":"2025-04-28 07:32:00"}
{"level":"info","message":"Processing 0 pending deliveries","service":"delivery-management","timestamp":"2025-04-28 07:32:00"}
{"level":"info","message":"Schedulers initialized","service":"delivery-management","timestamp":"2025-04-28 07:32:05"}
{"level":"info","message":"Connected to MongoDB","service":"delivery-management","timestamp":"2025-04-28 07:32:06"}
{"level":"info","message":"Delivery Management Service running on port 3003","service":"delivery-management","timestamp":"2025-04-28 07:32:06"}
{"level":"debug","message":"Running scheduled task: Process pending deliveries","service":"delivery-management","timestamp":"2025-04-28 07:32:35"}
{"level":"info","message":"Processing 0 pending deliveries","service":"delivery-management","timestamp":"2025-04-28 07:32:35"}
{"level":"debug","message":"Running scheduled task: Process pending deliveries","service":"delivery-management","timestamp":"2025-04-28 07:33:05"}
{"level":"info","message":"Processing 0 pending deliveries","service":"delivery-management","timestamp":"2025-04-28 07:33:05"}
{"level":"debug","message":"Running scheduled task: Process pending deliveries","service":"delivery-management","timestamp":"2025-04-28 07:33:35"}
{"level":"info","message":"Processing 0 pending deliveries","service":"delivery-management","timestamp":"2025-04-28 07:33:35"}
{"level":"info","message":"Schedulers initialized","service":"delivery-management","timestamp":"2025-04-28 07:33:37"}
{"level":"info","message":"Connected to MongoDB","service":"delivery-management","timestamp":"2025-04-28 07:33:38"}
{"level":"info","message":"Delivery Management Service running on port 3003","service":"delivery-management","timestamp":"2025-04-28 07:33:38"}
{"level":"debug","message":"Running scheduled task: Process pending deliveries","service":"delivery-management","timestamp":"2025-04-28 07:34:07"}
{"level":"info","message":"Processing 0 pending deliveries","service":"delivery-management","timestamp":"2025-04-28 07:34:07"}
{"level":"debug","message":"Running scheduled task: Process pending deliveries","service":"delivery-management","timestamp":"2025-04-28 07:34:37"}
{"level":"info","message":"Processing 0 pending deliveries","service":"delivery-management","timestamp":"2025-04-28 07:34:37"}
{"level":"debug","message":"Running scheduled task: Process pending deliveries","service":"delivery-management","timestamp":"2025-04-28 07:35:07"}
{"level":"info","message":"Processing 0 pending deliveries","service":"delivery-management","timestamp":"2025-04-28 07:35:07"}
{"level":"debug","message":"Running scheduled task: Process pending deliveries","service":"delivery-management","timestamp":"2025-04-28 07:35:37"}
{"level":"info","message":"Processing 0 pending deliveries","service":"delivery-management","timestamp":"2025-04-28 07:35:37"}
{"level":"debug","message":"Running scheduled task: Process pending deliveries","service":"delivery-management","timestamp":"2025-04-28 07:36:07"}
{"level":"info","message":"Processing 0 pending deliveries","service":"delivery-management","timestamp":"2025-04-28 07:36:07"}
{"level":"debug","message":"Running scheduled task: Process pending deliveries","service":"delivery-management","timestamp":"2025-04-28 07:36:37"}
{"level":"info","message":"Processing 0 pending deliveries","service":"delivery-management","timestamp":"2025-04-28 07:36:37"}
{"level":"debug","message":"Running scheduled task: Process pending deliveries","service":"delivery-management","timestamp":"2025-04-28 07:37:07"}
{"level":"info","message":"Processing 0 pending deliveries","service":"delivery-management","timestamp":"2025-04-28 07:37:07"}
{"level":"debug","message":"Running scheduled task: Process pending deliveries","service":"delivery-management","timestamp":"2025-04-28 07:37:37"}
{"level":"info","message":"Processing 0 pending deliveries","service":"delivery-management","timestamp":"2025-04-28 07:37:37"}
{"level":"debug","message":"Running scheduled task: Process pending deliveries","service":"delivery-management","timestamp":"2025-04-28 07:38:07"}
{"level":"info","message":"Processing 0 pending deliveries","service":"delivery-management","timestamp":"2025-04-28 07:38:07"}
{"level":"debug","message":"Running scheduled task: Process pending deliveries","service":"delivery-management","timestamp":"2025-04-28 07:38:37"}
{"level":"info","message":"Processing 0 pending deliveries","service":"delivery-management","timestamp":"2025-04-28 07:38:37"}
{"level":"debug","message":"Running scheduled task: Process pending deliveries","service":"delivery-management","timestamp":"2025-04-28 07:39:07"}
{"level":"info","message":"Processing 0 pending deliveries","service":"delivery-management","timestamp":"2025-04-28 07:39:07"}
{"level":"debug","message":"Running scheduled task: Process pending deliveries","service":"delivery-management","timestamp":"2025-04-28 07:39:37"}
{"level":"info","message":"Processing 0 pending deliveries","service":"delivery-management","timestamp":"2025-04-28 07:39:37"}
{"level":"debug","message":"Running scheduled task: Process pending deliveries","service":"delivery-management","timestamp":"2025-04-28 07:40:07"}
{"level":"info","message":"Processing 0 pending deliveries","service":"delivery-management","timestamp":"2025-04-28 07:40:07"}
{"level":"debug","message":"Running scheduled task: Process pending deliveries","service":"delivery-management","timestamp":"2025-04-28 07:40:37"}
{"level":"info","message":"Processing 0 pending deliveries","service":"delivery-management","timestamp":"2025-04-28 07:40:37"}
{"level":"debug","message":"Running scheduled task: Process pending deliveries","service":"delivery-management","timestamp":"2025-04-28 07:41:07"}
{"level":"info","message":"Processing 0 pending deliveries","service":"delivery-management","timestamp":"2025-04-28 07:41:07"}
{"level":"debug","message":"Running scheduled task: Process pending deliveries","service":"delivery-management","timestamp":"2025-04-28 07:41:37"}
{"level":"info","message":"Processing 0 pending deliveries","service":"delivery-management","timestamp":"2025-04-28 07:41:37"}
{"level":"debug","message":"Running scheduled task: Process pending deliveries","service":"delivery-management","timestamp":"2025-04-28 07:42:07"}
{"level":"info","message":"Processing 0 pending deliveries","service":"delivery-management","timestamp":"2025-04-28 07:42:07"}
{"level":"debug","message":"Running scheduled task: Process pending deliveries","service":"delivery-management","timestamp":"2025-04-28 07:42:37"}
{"level":"info","message":"Processing 0 pending deliveries","service":"delivery-management","timestamp":"2025-04-28 07:42:37"}
{"level":"debug","message":"Running scheduled task: Process pending deliveries","service":"delivery-management","timestamp":"2025-04-28 07:43:07"}
{"level":"info","message":"Processing 0 pending deliveries","service":"delivery-management","timestamp":"2025-04-28 07:43:07"}
{"level":"debug","message":"Running scheduled task: Process pending deliveries","service":"delivery-management","timestamp":"2025-04-28 07:43:37"}
{"level":"info","message":"Processing 0 pending deliveries","service":"delivery-management","timestamp":"2025-04-28 07:43:37"}
{"level":"debug","message":"Running scheduled task: Process pending deliveries","service":"delivery-management","timestamp":"2025-04-28 07:44:07"}
{"level":"info","message":"Processing 0 pending deliveries","service":"delivery-management","timestamp":"2025-04-28 07:44:07"}
{"level":"debug","message":"Running scheduled task: Process pending deliveries","service":"delivery-management","timestamp":"2025-04-28 07:44:37"}
{"level":"info","message":"Processing 0 pending deliveries","service":"delivery-management","timestamp":"2025-04-28 07:44:37"}
{"level":"debug","message":"Running scheduled task: Process pending deliveries","service":"delivery-management","timestamp":"2025-04-28 07:45:07"}
{"level":"info","message":"Processing 0 pending deliveries","service":"delivery-management","timestamp":"2025-04-28 07:45:07"}
{"level":"debug","message":"Running scheduled task: Process pending deliveries","service":"delivery-management","timestamp":"2025-04-28 07:45:37"}
{"level":"info","message":"Processing 0 pending deliveries","service":"delivery-management","timestamp":"2025-04-28 07:45:37"}
{"level":"debug","message":"Running scheduled task: Process pending deliveries","service":"delivery-management","timestamp":"2025-04-28 07:46:07"}
{"level":"info","message":"Processing 0 pending deliveries","service":"delivery-management","timestamp":"2025-04-28 07:46:07"}
{"level":"debug","message":"Running scheduled task: Process pending deliveries","service":"delivery-management","timestamp":"2025-04-28 07:46:37"}
{"level":"info","message":"Processing 0 pending deliveries","service":"delivery-management","timestamp":"2025-04-28 07:46:37"}
{"level":"debug","message":"Running scheduled task: Process pending deliveries","service":"delivery-management","timestamp":"2025-04-28 07:47:07"}
{"level":"info","message":"Processing 0 pending deliveries","service":"delivery-management","timestamp":"2025-04-28 07:47:08"}
{"level":"debug","message":"Running scheduled task: Process pending deliveries","service":"delivery-management","timestamp":"2025-04-28 07:47:37"}
{"level":"info","message":"Processing 0 pending deliveries","service":"delivery-management","timestamp":"2025-04-28 07:47:38"}
{"level":"debug","message":"Running scheduled task: Process pending deliveries","service":"delivery-management","timestamp":"2025-04-28 07:48:07"}
{"level":"info","message":"Processing 0 pending deliveries","service":"delivery-management","timestamp":"2025-04-28 07:48:08"}
{"level":"debug","message":"Running scheduled task: Process pending deliveries","service":"delivery-management","timestamp":"2025-04-28 07:48:37"}
{"level":"info","message":"Processing 0 pending deliveries","service":"delivery-management","timestamp":"2025-04-28 07:48:38"}
{"level":"debug","message":"Running scheduled task: Process pending deliveries","service":"delivery-management","timestamp":"2025-04-28 07:49:07"}
{"level":"info","message":"Processing 0 pending deliveries","service":"delivery-management","timestamp":"2025-04-28 07:49:08"}
{"level":"debug","message":"Running scheduled task: Process pending deliveries","service":"delivery-management","timestamp":"2025-04-28 07:49:37"}
{"level":"info","message":"Processing 0 pending deliveries","service":"delivery-management","timestamp":"2025-04-28 07:49:38"}
{"level":"debug","message":"Running scheduled task: Process pending deliveries","service":"delivery-management","timestamp":"2025-04-28 07:50:07"}
{"level":"info","message":"Processing 0 pending deliveries","service":"delivery-management","timestamp":"2025-04-28 07:50:08"}
{"level":"debug","message":"Running scheduled task: Process pending deliveries","service":"delivery-management","timestamp":"2025-04-28 07:50:37"}
{"level":"info","message":"Processing 0 pending deliveries","service":"delivery-management","timestamp":"2025-04-28 07:50:38"}
{"level":"debug","message":"Running scheduled task: Process pending deliveries","service":"delivery-management","timestamp":"2025-04-28 07:51:07"}
{"level":"info","message":"Processing 0 pending deliveries","service":"delivery-management","timestamp":"2025-04-28 07:51:08"}
{"level":"debug","message":"Running scheduled task: Process pending deliveries","service":"delivery-management","timestamp":"2025-04-28 07:51:37"}
{"level":"info","message":"Processing 0 pending deliveries","service":"delivery-management","timestamp":"2025-04-28 07:51:38"}
{"level":"debug","message":"Running scheduled task: Process pending deliveries","service":"delivery-management","timestamp":"2025-04-28 07:52:07"}
{"level":"info","message":"Processing 0 pending deliveries","service":"delivery-management","timestamp":"2025-04-28 07:52:08"}
{"level":"debug","message":"Running scheduled task: Process pending deliveries","service":"delivery-management","timestamp":"2025-04-28 07:52:38"}
{"level":"info","message":"Processing 0 pending deliveries","service":"delivery-management","timestamp":"2025-04-28 07:52:38"}
{"level":"debug","message":"Running scheduled task: Process pending deliveries","service":"delivery-management","timestamp":"2025-04-28 07:53:08"}
{"level":"info","message":"Processing 0 pending deliveries","service":"delivery-management","timestamp":"2025-04-28 07:53:08"}
{"level":"info","message":"New delivery created for order 60d5ec9a9a8f8b3a3c3e3e42","service":"delivery-management","timestamp":"2025-04-28 07:53:12"}
{"level":"debug","message":"Running scheduled task: Process pending deliveries","service":"delivery-management","timestamp":"2025-04-28 07:53:38"}
{"level":"info","message":"Processing 0 pending deliveries","service":"delivery-management","timestamp":"2025-04-28 07:53:38"}
{"level":"debug","message":"Running scheduled task: Process pending deliveries","service":"delivery-management","timestamp":"2025-04-28 07:54:08"}
{"level":"info","message":"Processing 0 pending deliveries","service":"delivery-management","timestamp":"2025-04-28 07:54:08"}
{"level":"debug","message":"Running scheduled task: Process pending deliveries","service":"delivery-management","timestamp":"2025-04-28 07:54:38"}
{"level":"info","message":"Processing 0 pending deliveries","service":"delivery-management","timestamp":"2025-04-28 07:54:38"}
{"level":"debug","message":"Running scheduled task: Process pending deliveries","service":"delivery-management","timestamp":"2025-04-28 07:55:08"}
{"level":"info","message":"Processing 0 pending deliveries","service":"delivery-management","timestamp":"2025-04-28 07:55:08"}
{"level":"debug","message":"Running scheduled task: Process pending deliveries","service":"delivery-management","timestamp":"2025-04-28 07:55:38"}
{"level":"info","message":"Processing 0 pending deliveries","service":"delivery-management","timestamp":"2025-04-28 07:55:38"}
{"level":"debug","message":"Running scheduled task: Process pending deliveries","service":"delivery-management","timestamp":"2025-04-28 07:56:08"}
{"level":"info","message":"Processing 0 pending deliveries","service":"delivery-management","timestamp":"2025-04-28 07:56:08"}
{"level":"debug","message":"Running scheduled task: Process pending deliveries","service":"delivery-management","timestamp":"2025-04-28 07:56:38"}
{"level":"info","message":"Processing 0 pending deliveries","service":"delivery-management","timestamp":"2025-04-28 07:56:38"}
{"level":"debug","message":"Running scheduled task: Process pending deliveries","service":"delivery-management","timestamp":"2025-04-28 07:57:08"}
{"level":"info","message":"Processing 0 pending deliveries","service":"delivery-management","timestamp":"2025-04-28 07:57:08"}
{"level":"debug","message":"Running scheduled task: Process pending deliveries","service":"delivery-management","timestamp":"2025-04-28 07:57:38"}
{"level":"info","message":"Processing 0 pending deliveries","service":"delivery-management","timestamp":"2025-04-28 07:57:38"}
{"level":"debug","message":"Running scheduled task: Process pending deliveries","service":"delivery-management","timestamp":"2025-04-28 07:58:08"}
{"level":"info","message":"Processing 0 pending deliveries","service":"delivery-management","timestamp":"2025-04-28 07:58:08"}
{"level":"debug","message":"Running scheduled task: Process pending deliveries","service":"delivery-management","timestamp":"2025-04-28 07:58:38"}
{"level":"info","message":"Processing 0 pending deliveries","service":"delivery-management","timestamp":"2025-04-28 07:58:38"}
{"level":"debug","message":"Running scheduled task: Process pending deliveries","service":"delivery-management","timestamp":"2025-04-28 07:59:08"}
{"level":"info","message":"Processing 0 pending deliveries","service":"delivery-management","timestamp":"2025-04-28 07:59:08"}
{"level":"debug","message":"Running scheduled task: Process pending deliveries","service":"delivery-management","timestamp":"2025-04-28 07:59:38"}
{"level":"info","message":"Processing 0 pending deliveries","service":"delivery-management","timestamp":"2025-04-28 07:59:38"}
{"level":"debug","message":"Running scheduled task: Process pending deliveries","service":"delivery-management","timestamp":"2025-04-28 08:00:08"}
{"level":"info","message":"Processing 0 pending deliveries","service":"delivery-management","timestamp":"2025-04-28 08:00:08"}
{"level":"debug","message":"Running scheduled task: Process pending deliveries","service":"delivery-management","timestamp":"2025-04-28 08:00:38"}
{"level":"info","message":"Processing 0 pending deliveries","service":"delivery-management","timestamp":"2025-04-28 08:00:38"}
{"level":"info","message":"Schedulers initialized","service":"delivery-management","timestamp":"2025-04-28 08:01:02"}
{"level":"info","message":"Connected to MongoDB","service":"delivery-management","timestamp":"2025-04-28 08:01:04"}
{"level":"info","message":"Delivery Management Service running on port 3003","service":"delivery-management","timestamp":"2025-04-28 08:01:04"}
{"level":"debug","message":"Running scheduled task: Process pending deliveries","service":"delivery-management","timestamp":"2025-04-28 08:01:32"}
{"level":"info","message":"Processing 0 pending deliveries","service":"delivery-management","timestamp":"2025-04-28 08:01:32"}
{"level":"debug","message":"Running scheduled task: Process pending deliveries","service":"delivery-management","timestamp":"2025-04-28 08:02:02"}
{"level":"info","message":"Processing 0 pending deliveries","service":"delivery-management","timestamp":"2025-04-28 08:02:02"}
{"level":"debug","message":"Running scheduled task: Process pending deliveries","service":"delivery-management","timestamp":"2025-04-28 08:02:32"}
{"level":"info","message":"Processing 0 pending deliveries","service":"delivery-management","timestamp":"2025-04-28 08:02:32"}
{"level":"debug","message":"Running scheduled task: Process pending deliveries","service":"delivery-management","timestamp":"2025-04-28 08:03:02"}
{"level":"info","message":"Processing 0 pending deliveries","service":"delivery-management","timestamp":"2025-04-28 08:03:02"}
{"level":"debug","message":"Running scheduled task: Process pending deliveries","service":"delivery-management","timestamp":"2025-04-28 08:03:32"}
{"level":"info","message":"Processing 0 pending deliveries","service":"delivery-management","timestamp":"2025-04-28 08:03:32"}
{"level":"debug","message":"Running scheduled task: Process pending deliveries","service":"delivery-management","timestamp":"2025-04-28 08:04:02"}
{"level":"info","message":"Processing 0 pending deliveries","service":"delivery-management","timestamp":"2025-04-28 08:04:02"}
{"level":"debug","message":"Running scheduled task: Process pending deliveries","service":"delivery-management","timestamp":"2025-04-28 08:04:32"}
{"level":"info","message":"Processing 0 pending deliveries","service":"delivery-management","timestamp":"2025-04-28 08:04:32"}
{"level":"debug","message":"Running scheduled task: Process pending deliveries","service":"delivery-management","timestamp":"2025-04-28 08:05:02"}
{"level":"info","message":"Processing 0 pending deliveries","service":"delivery-management","timestamp":"2025-04-28 08:05:02"}
{"level":"debug","message":"Running scheduled task: Process pending deliveries","service":"delivery-management","timestamp":"2025-04-28 08:05:32"}
{"level":"info","message":"Processing 0 pending deliveries","service":"delivery-management","timestamp":"2025-04-28 08:05:32"}
{"level":"debug","message":"Running scheduled task: Process pending deliveries","service":"delivery-management","timestamp":"2025-04-28 08:06:02"}
{"level":"info","message":"Processing 0 pending deliveries","service":"delivery-management","timestamp":"2025-04-28 08:06:02"}
{"level":"info","message":"Schedulers initialized","service":"delivery-management","timestamp":"2025-04-28 08:06:15"}
{"level":"info","message":"Connected to MongoDB","service":"delivery-management","timestamp":"2025-04-28 08:06:16"}
{"level":"info","message":"Delivery Management Service running on port 3003","service":"delivery-management","timestamp":"2025-04-28 08:06:16"}
{"level":"debug","message":"Running scheduled task: Process pending deliveries","service":"delivery-management","timestamp":"2025-04-28 08:06:45"}
{"level":"info","message":"Processing 0 pending deliveries","service":"delivery-management","timestamp":"2025-04-28 08:06:45"}
{"level":"debug","message":"Running scheduled task: Process pending deliveries","service":"delivery-management","timestamp":"2025-04-28 08:07:15"}
{"level":"info","message":"Processing 0 pending deliveries","service":"delivery-management","timestamp":"2025-04-28 08:07:15"}
{"level":"debug","message":"Running scheduled task: Process pending deliveries","service":"delivery-management","timestamp":"2025-04-28 08:07:45"}
{"level":"info","message":"Processing 0 pending deliveries","service":"delivery-management","timestamp":"2025-04-28 08:07:45"}
{"level":"debug","message":"Running scheduled task: Process pending deliveries","service":"delivery-management","timestamp":"2025-04-28 08:08:15"}
{"level":"info","message":"Processing 0 pending deliveries","service":"delivery-management","timestamp":"2025-04-28 08:08:15"}
{"level":"debug","message":"Running scheduled task: Process pending deliveries","service":"delivery-management","timestamp":"2025-04-28 08:08:45"}
{"level":"info","message":"Processing 0 pending deliveries","service":"delivery-management","timestamp":"2025-04-28 08:08:45"}
{"level":"debug","message":"Running scheduled task: Process pending deliveries","service":"delivery-management","timestamp":"2025-04-28 08:09:15"}
{"level":"info","message":"Processing 0 pending deliveries","service":"delivery-management","timestamp":"2025-04-28 08:09:15"}
{"level":"debug","message":"Running scheduled task: Process pending deliveries","service":"delivery-management","timestamp":"2025-04-28 08:09:45"}
{"level":"info","message":"Processing 0 pending deliveries","service":"delivery-management","timestamp":"2025-04-28 08:09:45"}
{"level":"debug","message":"Running scheduled task: Process pending deliveries","service":"delivery-management","timestamp":"2025-04-28 08:10:15"}
{"level":"info","message":"Processing 0 pending deliveries","service":"delivery-management","timestamp":"2025-04-28 08:10:16"}
{"level":"debug","message":"Running scheduled task: Process pending deliveries","service":"delivery-management","timestamp":"2025-04-28 08:10:45"}
{"level":"info","message":"Processing 0 pending deliveries","service":"delivery-management","timestamp":"2025-04-28 08:10:45"}
{"level":"info","message":"Schedulers initialized","service":"delivery-management","timestamp":"2025-04-28 08:10:51"}
{"level":"info","message":"Connected to MongoDB","service":"delivery-management","timestamp":"2025-04-28 08:10:52"}
{"level":"info","message":"Delivery Management Service running on port 3003","service":"delivery-management","timestamp":"2025-04-28 08:10:52"}
{"level":"debug","message":"Running scheduled task: Process pending deliveries","service":"delivery-management","timestamp":"2025-04-28 08:11:21"}
{"level":"info","message":"Processing 0 pending deliveries","service":"delivery-management","timestamp":"2025-04-28 08:11:21"}
{"level":"debug","message":"Running scheduled task: Process pending deliveries","service":"delivery-management","timestamp":"2025-04-28 08:11:51"}
{"level":"info","message":"Processing 0 pending deliveries","service":"delivery-management","timestamp":"2025-04-28 08:11:51"}
{"level":"debug","message":"Running scheduled task: Process pending deliveries","service":"delivery-management","timestamp":"2025-04-28 08:12:21"}
{"level":"info","message":"Processing 0 pending deliveries","service":"delivery-management","timestamp":"2025-04-28 08:12:21"}
{"level":"debug","message":"Running scheduled task: Process pending deliveries","service":"delivery-management","timestamp":"2025-04-28 08:12:51"}
{"level":"info","message":"Processing 0 pending deliveries","service":"delivery-management","timestamp":"2025-04-28 08:12:51"}
{"level":"debug","message":"Running scheduled task: Process pending deliveries","service":"delivery-management","timestamp":"2025-04-28 08:13:21"}
{"level":"info","message":"Processing 0 pending deliveries","service":"delivery-management","timestamp":"2025-04-28 08:13:21"}
{"level":"debug","message":"Running scheduled task: Process pending deliveries","service":"delivery-management","timestamp":"2025-04-28 08:13:51"}
{"level":"info","message":"Processing 0 pending deliveries","service":"delivery-management","timestamp":"2025-04-28 08:13:51"}
{"level":"info","message":"Schedulers initialized","service":"delivery-management","timestamp":"2025-04-28 08:13:55"}
{"level":"info","message":"Connected to MongoDB","service":"delivery-management","timestamp":"2025-04-28 08:13:56"}
{"level":"info","message":"Delivery Management Service running on port 3003","service":"delivery-management","timestamp":"2025-04-28 08:13:56"}
{"level":"debug","message":"Running scheduled task: Process pending deliveries","service":"delivery-management","timestamp":"2025-04-28 08:14:25"}
{"level":"info","message":"Processing 0 pending deliveries","service":"delivery-management","timestamp":"2025-04-28 08:14:25"}
{"level":"debug","message":"Running scheduled task: Process pending deliveries","service":"delivery-management","timestamp":"2025-04-28 08:14:55"}
{"level":"info","message":"Processing 0 pending deliveries","service":"delivery-management","timestamp":"2025-04-28 08:14:55"}
{"level":"debug","message":"Running scheduled task: Process pending deliveries","service":"delivery-management","timestamp":"2025-04-28 08:15:25"}
{"level":"info","message":"Processing 0 pending deliveries","service":"delivery-management","timestamp":"2025-04-28 08:15:25"}
{"level":"debug","message":"Running scheduled task: Process pending deliveries","service":"delivery-management","timestamp":"2025-04-28 08:15:55"}
{"level":"info","message":"Processing 1 pending deliveries","service":"delivery-management","timestamp":"2025-04-28 08:15:55"}
{"level":"error","message":"Failed to send notification to driver 680edd15e086afed2a7c84df: ","service":"delivery-management","timestamp":"2025-04-28 08:15:55"}
{"level":"info","message":"Notified driver 680edd15e086afed2a7c84df about delivery 680ee6905d998bb7f10f02d2","service":"delivery-management","timestamp":"2025-04-28 08:15:55"}
{"level":"debug","message":"Running scheduled task: Process pending deliveries","service":"delivery-management","timestamp":"2025-04-28 08:16:25"}
{"level":"info","message":"Processing 1 pending deliveries","service":"delivery-management","timestamp":"2025-04-28 08:16:25"}
{"level":"error","message":"Failed to send notification to driver 680edd15e086afed2a7c84df: ","service":"delivery-management","timestamp":"2025-04-28 08:16:25"}
{"level":"info","message":"Notified driver 680edd15e086afed2a7c84df about delivery 680ee6905d998bb7f10f02d2","service":"delivery-management","timestamp":"2025-04-28 08:16:25"}
{"level":"info","message":"Schedulers initialized","service":"delivery-management","timestamp":"2025-04-28 08:16:51"}
{"level":"info","message":"Connected to MongoDB","service":"delivery-management","timestamp":"2025-04-28 08:16:52"}
{"level":"info","message":"Delivery Management Service running on port 3003","service":"delivery-management","timestamp":"2025-04-28 08:16:52"}
{"level":"debug","message":"Running scheduled task: Process pending deliveries","service":"delivery-management","timestamp":"2025-04-28 08:17:21"}
{"level":"info","message":"Processing 1 pending deliveries","service":"delivery-management","timestamp":"2025-04-28 08:17:21"}
{"level":"error","message":"Failed to send notification to driver 680edd15e086afed2a7c84df: ","service":"delivery-management","timestamp":"2025-04-28 08:17:21"}
{"level":"info","message":"Notified driver 680edd15e086afed2a7c84df about delivery 680ee6905d998bb7f10f02d2","service":"delivery-management","timestamp":"2025-04-28 08:17:21"}
{"level":"debug","message":"Running scheduled task: Process pending deliveries","service":"delivery-management","timestamp":"2025-04-28 08:17:51"}
{"level":"info","message":"Processing 1 pending deliveries","service":"delivery-management","timestamp":"2025-04-28 08:17:51"}
{"level":"error","message":"Failed to send notification to driver 680edd15e086afed2a7c84df: ","service":"delivery-management","timestamp":"2025-04-28 08:17:51"}
{"level":"info","message":"Notified driver 680edd15e086afed2a7c84df about delivery 680ee6905d998bb7f10f02d2","service":"delivery-management","timestamp":"2025-04-28 08:17:51"}
{"level":"debug","message":"Running scheduled task: Process pending deliveries","service":"delivery-management","timestamp":"2025-04-28 08:18:21"}
{"level":"info","message":"Processing 1 pending deliveries","service":"delivery-management","timestamp":"2025-04-28 08:18:21"}
{"level":"error","message":"Failed to send notification to driver 680edd15e086afed2a7c84df: ","service":"delivery-management","timestamp":"2025-04-28 08:18:21"}
{"level":"info","message":"Notified driver 680edd15e086afed2a7c84df about delivery 680ee6905d998bb7f10f02d2","service":"delivery-management","timestamp":"2025-04-28 08:18:21"}
{"level":"error","message":"Failed to send notification to restaurant 60d5ec9a9a8f8b3a3c3e3e43: ","service":"delivery-management","timestamp":"2025-04-28 08:18:42"}
{"level":"error","message":"Failed to send notification to user 60d5ec9a9a8f8b3a3c3e3e44: ","service":"delivery-management","timestamp":"2025-04-28 08:18:42"}
{"level":"info","message":"Driver 680edd15e086afed2a7c84df accepted delivery 680ee6905d998bb7f10f02d2","service":"delivery-management","timestamp":"2025-04-28 08:18:42"}
{"level":"debug","message":"Running scheduled task: Process pending deliveries","service":"delivery-management","timestamp":"2025-04-28 08:18:51"}
{"level":"info","message":"Processing 0 pending deliveries","service":"delivery-management","timestamp":"2025-04-28 08:18:51"}
{"level":"debug","message":"Running scheduled task: Process pending deliveries","service":"delivery-management","timestamp":"2025-04-28 08:19:21"}
{"level":"info","message":"Processing 0 pending deliveries","service":"delivery-management","timestamp":"2025-04-28 08:19:21"}
{"level":"debug","message":"Running scheduled task: Process pending deliveries","service":"delivery-management","timestamp":"2025-04-28 08:19:51"}
{"level":"info","message":"Processing 0 pending deliveries","service":"delivery-management","timestamp":"2025-04-28 08:19:51"}
{"level":"debug","message":"Running scheduled task: Process pending deliveries","service":"delivery-management","timestamp":"2025-04-28 08:20:21"}
{"level":"info","message":"Processing 0 pending deliveries","service":"delivery-management","timestamp":"2025-04-28 08:20:21"}
{"level":"info","message":"Schedulers initialized","service":"delivery-management","timestamp":"2025-04-28 08:20:33"}
{"level":"info","message":"Connected to MongoDB","service":"delivery-management","timestamp":"2025-04-28 08:20:34"}
{"level":"info","message":"Delivery Management Service running on port 3003","service":"delivery-management","timestamp":"2025-04-28 08:20:34"}
{"level":"debug","message":"Running scheduled task: Process pending deliveries","service":"delivery-management","timestamp":"2025-04-28 08:21:03"}
{"level":"info","message":"Processing 0 pending deliveries","service":"delivery-management","timestamp":"2025-04-28 08:21:03"}
{"level":"debug","message":"Running scheduled task: Process pending deliveries","service":"delivery-management","timestamp":"2025-04-28 08:21:33"}
{"level":"info","message":"Processing 0 pending deliveries","service":"delivery-management","timestamp":"2025-04-28 08:21:33"}
{"level":"debug","message":"Running scheduled task: Process pending deliveries","service":"delivery-management","timestamp":"2025-04-28 08:22:03"}
{"level":"info","message":"Processing 0 pending deliveries","service":"delivery-management","timestamp":"2025-04-28 08:22:03"}
{"level":"debug","message":"Running scheduled task: Process pending deliveries","service":"delivery-management","timestamp":"2025-04-28 08:22:33"}
{"level":"info","message":"Processing 0 pending deliveries","service":"delivery-management","timestamp":"2025-04-28 08:22:33"}
{"level":"debug","message":"Running scheduled task: Process pending deliveries","service":"delivery-management","timestamp":"2025-04-28 08:23:03"}
{"level":"info","message":"Processing 0 pending deliveries","service":"delivery-management","timestamp":"2025-04-28 08:23:03"}
{"level":"debug","message":"Running scheduled task: Process pending deliveries","service":"delivery-management","timestamp":"2025-04-28 08:23:33"}
{"level":"info","message":"Processing 0 pending deliveries","service":"delivery-management","timestamp":"2025-04-28 08:23:33"}
{"level":"debug","message":"Running scheduled task: Process pending deliveries","service":"delivery-management","timestamp":"2025-04-28 08:24:03"}
{"level":"info","message":"Processing 0 pending deliveries","service":"delivery-management","timestamp":"2025-04-28 08:24:03"}
{"level":"debug","message":"Running scheduled task: Process pending deliveries","service":"delivery-management","timestamp":"2025-04-28 08:24:33"}
{"level":"info","message":"Processing 0 pending deliveries","service":"delivery-management","timestamp":"2025-04-28 08:24:33"}
{"level":"debug","message":"Running scheduled task: Process pending deliveries","service":"delivery-management","timestamp":"2025-04-28 08:25:03"}
{"level":"info","message":"Processing 0 pending deliveries","service":"delivery-management","timestamp":"2025-04-28 08:25:03"}
{"level":"debug","message":"Running scheduled task: Process pending deliveries","service":"delivery-management","timestamp":"2025-04-28 08:25:33"}
{"level":"info","message":"Processing 0 pending deliveries","service":"delivery-management","timestamp":"2025-04-28 08:25:33"}
{"level":"debug","message":"Running scheduled task: Process pending deliveries","service":"delivery-management","timestamp":"2025-04-28 08:26:03"}
{"level":"info","message":"Processing 0 pending deliveries","service":"delivery-management","timestamp":"2025-04-28 08:26:03"}
{"level":"debug","message":"Running scheduled task: Process pending deliveries","service":"delivery-management","timestamp":"2025-04-28 08:26:33"}
{"level":"info","message":"Processing 0 pending deliveries","service":"delivery-management","timestamp":"2025-04-28 08:26:33"}
{"level":"debug","message":"Running scheduled task: Process pending deliveries","service":"delivery-management","timestamp":"2025-04-28 08:27:03"}
{"level":"info","message":"Processing 0 pending deliveries","service":"delivery-management","timestamp":"2025-04-28 08:27:03"}
{"level":"debug","message":"Running scheduled task: Process pending deliveries","service":"delivery-management","timestamp":"2025-04-28 08:27:33"}
{"level":"info","message":"Processing 0 pending deliveries","service":"delivery-management","timestamp":"2025-04-28 08:27:33"}
{"level":"debug","message":"Running scheduled task: Process pending deliveries","service":"delivery-management","timestamp":"2025-04-28 08:28:03"}
{"level":"info","message":"Processing 0 pending deliveries","service":"delivery-management","timestamp":"2025-04-28 08:28:03"}
{"level":"debug","message":"Running scheduled task: Process pending deliveries","service":"delivery-management","timestamp":"2025-04-28 08:28:33"}
{"level":"info","message":"Processing 0 pending deliveries","service":"delivery-management","timestamp":"2025-04-28 08:28:33"}
{"level":"debug","message":"Running scheduled task: Process pending deliveries","service":"delivery-management","timestamp":"2025-04-28 08:29:03"}
{"level":"info","message":"Processing 0 pending deliveries","service":"delivery-management","timestamp":"2025-04-28 08:29:03"}
{"level":"info","message":"Schedulers initialized","service":"delivery-management","timestamp":"2025-04-28 09:11:52"}
{"level":"info","message":"Connected to MongoDB","service":"delivery-management","timestamp":"2025-04-28 09:11:53"}
{"level":"info","message":"Delivery Management Service running on port 3003","service":"delivery-management","timestamp":"2025-04-28 09:11:53"}
{"level":"debug","message":"Running scheduled task: Process pending deliveries","service":"delivery-management","timestamp":"2025-04-28 09:12:22"}
{"level":"info","message":"Processing 0 pending deliveries","service":"delivery-management","timestamp":"2025-04-28 09:12:22"}
{"level":"debug","message":"Running scheduled task: Process pending deliveries","service":"delivery-management","timestamp":"2025-04-28 09:12:52"}
{"level":"info","message":"Processing 0 pending deliveries","service":"delivery-management","timestamp":"2025-04-28 09:12:52"}
{"level":"debug","message":"Running scheduled task: Process pending deliveries","service":"delivery-management","timestamp":"2025-04-28 09:13:22"}
{"level":"info","message":"Processing 0 pending deliveries","service":"delivery-management","timestamp":"2025-04-28 09:13:22"}
{"level":"debug","message":"Running scheduled task: Process pending deliveries","service":"delivery-management","timestamp":"2025-04-28 09:13:52"}
{"level":"info","message":"Processing 0 pending deliveries","service":"delivery-management","timestamp":"2025-04-28 09:13:52"}
{"level":"debug","message":"Running scheduled task: Process pending deliveries","service":"delivery-management","timestamp":"2025-04-28 09:14:22"}
{"level":"info","message":"Processing 0 pending deliveries","service":"delivery-management","timestamp":"2025-04-28 09:14:22"}
{"level":"debug","message":"Running scheduled task: Process pending deliveries","service":"delivery-management","timestamp":"2025-04-28 09:14:52"}
{"level":"info","message":"Processing 0 pending deliveries","service":"delivery-management","timestamp":"2025-04-28 09:14:52"}
{"level":"debug","message":"Running scheduled task: Process pending deliveries","service":"delivery-management","timestamp":"2025-04-28 09:15:22"}
{"level":"info","message":"Processing 0 pending deliveries","service":"delivery-management","timestamp":"2025-04-28 09:15:22"}
{"level":"debug","message":"Running scheduled task: Process pending deliveries","service":"delivery-management","timestamp":"2025-04-28 09:15:52"}
{"level":"info","message":"Processing 0 pending deliveries","service":"delivery-management","timestamp":"2025-04-28 09:15:52"}
{"level":"debug","message":"Running scheduled task: Process pending deliveries","service":"delivery-management","timestamp":"2025-04-28 09:16:22"}
{"level":"info","message":"Processing 0 pending deliveries","service":"delivery-management","timestamp":"2025-04-28 09:16:22"}
{"level":"debug","message":"Running scheduled task: Process pending deliveries","service":"delivery-management","timestamp":"2025-04-28 09:16:52"}
{"level":"info","message":"Processing 0 pending deliveries","service":"delivery-management","timestamp":"2025-04-28 09:16:52"}
{"level":"debug","message":"Running scheduled task: Process pending deliveries","service":"delivery-management","timestamp":"2025-04-28 09:17:22"}
{"level":"info","message":"Processing 0 pending deliveries","service":"delivery-management","timestamp":"2025-04-28 09:17:22"}
{"level":"debug","message":"Running scheduled task: Process pending deliveries","service":"delivery-management","timestamp":"2025-04-28 09:17:52"}
{"level":"info","message":"Processing 0 pending deliveries","service":"delivery-management","timestamp":"2025-04-28 09:17:52"}
{"level":"debug","message":"Running scheduled task: Process pending deliveries","service":"delivery-management","timestamp":"2025-04-28 09:18:22"}
{"level":"info","message":"Processing 0 pending deliveries","service":"delivery-management","timestamp":"2025-04-28 09:18:22"}
{"level":"debug","message":"Running scheduled task: Process pending deliveries","service":"delivery-management","timestamp":"2025-04-28 09:18:52"}
{"level":"info","message":"Processing 0 pending deliveries","service":"delivery-management","timestamp":"2025-04-28 09:18:52"}
{"level":"debug","message":"Running scheduled task: Process pending deliveries","service":"delivery-management","timestamp":"2025-04-28 09:19:22"}
{"level":"info","message":"Processing 0 pending deliveries","service":"delivery-management","timestamp":"2025-04-28 09:19:22"}
{"level":"debug","message":"Running scheduled task: Process pending deliveries","service":"delivery-management","timestamp":"2025-04-28 09:19:52"}
{"level":"info","message":"Processing 0 pending deliveries","service":"delivery-management","timestamp":"2025-04-28 09:19:52"}
{"level":"debug","message":"Running scheduled task: Process pending deliveries","service":"delivery-management","timestamp":"2025-04-28 09:20:22"}
{"level":"info","message":"Processing 0 pending deliveries","service":"delivery-management","timestamp":"2025-04-28 09:20:22"}
{"level":"debug","message":"Running scheduled task: Process pending deliveries","service":"delivery-management","timestamp":"2025-04-28 09:20:52"}
{"level":"info","message":"Processing 0 pending deliveries","service":"delivery-management","timestamp":"2025-04-28 09:20:52"}
{"level":"debug","message":"Running scheduled task: Process pending deliveries","service":"delivery-management","timestamp":"2025-04-28 09:21:22"}
{"level":"info","message":"Processing 0 pending deliveries","service":"delivery-management","timestamp":"2025-04-28 09:21:22"}
{"level":"debug","message":"Running scheduled task: Process pending deliveries","service":"delivery-management","timestamp":"2025-04-28 09:21:52"}
{"level":"info","message":"Processing 0 pending deliveries","service":"delivery-management","timestamp":"2025-04-28 09:21:52"}
{"level":"debug","message":"Running scheduled task: Process pending deliveries","service":"delivery-management","timestamp":"2025-04-28 09:22:22"}
{"level":"info","message":"Processing 0 pending deliveries","service":"delivery-management","timestamp":"2025-04-28 09:22:22"}
{"level":"debug","message":"Running scheduled task: Process pending deliveries","service":"delivery-management","timestamp":"2025-04-28 09:22:52"}
{"level":"info","message":"Processing 0 pending deliveries","service":"delivery-management","timestamp":"2025-04-28 09:22:52"}
{"level":"debug","message":"Running scheduled task: Process pending deliveries","service":"delivery-management","timestamp":"2025-04-28 09:23:22"}
{"level":"info","message":"Processing 0 pending deliveries","service":"delivery-management","timestamp":"2025-04-28 09:23:22"}
{"level":"debug","message":"Running scheduled task: Process pending deliveries","service":"delivery-management","timestamp":"2025-04-28 09:23:52"}
{"level":"info","message":"Processing 0 pending deliveries","service":"delivery-management","timestamp":"2025-04-28 09:23:52"}
{"level":"debug","message":"Running scheduled task: Process pending deliveries","service":"delivery-management","timestamp":"2025-04-28 09:24:22"}
{"level":"info","message":"Processing 0 pending deliveries","service":"delivery-management","timestamp":"2025-04-28 09:24:22"}
{"level":"debug","message":"Running scheduled task: Process pending deliveries","service":"delivery-management","timestamp":"2025-04-28 09:24:52"}
{"level":"info","message":"Processing 0 pending deliveries","service":"delivery-management","timestamp":"2025-04-28 09:24:52"}
{"level":"debug","message":"Running scheduled task: Process pending deliveries","service":"delivery-management","timestamp":"2025-04-28 09:25:22"}
{"level":"info","message":"Processing 0 pending deliveries","service":"delivery-management","timestamp":"2025-04-28 09:25:22"}
{"level":"debug","message":"Running scheduled task: Process pending deliveries","service":"delivery-management","timestamp":"2025-04-28 09:25:52"}
{"level":"info","message":"Processing 0 pending deliveries","service":"delivery-management","timestamp":"2025-04-28 09:25:52"}
{"level":"debug","message":"Running scheduled task: Process pending deliveries","service":"delivery-management","timestamp":"2025-04-28 09:26:22"}
{"level":"info","message":"Processing 0 pending deliveries","service":"delivery-management","timestamp":"2025-04-28 09:26:22"}
{"level":"debug","message":"Running scheduled task: Process pending deliveries","service":"delivery-management","timestamp":"2025-04-28 09:26:52"}
{"level":"info","message":"Processing 0 pending deliveries","service":"delivery-management","timestamp":"2025-04-28 09:26:53"}
{"level":"debug","message":"Running scheduled task: Process pending deliveries","service":"delivery-management","timestamp":"2025-04-28 09:27:22"}
{"level":"info","message":"Processing 0 pending deliveries","service":"delivery-management","timestamp":"2025-04-28 09:27:23"}
{"level":"debug","message":"Running scheduled task: Process pending deliveries","service":"delivery-management","timestamp":"2025-04-28 09:27:52"}
{"level":"info","message":"Processing 0 pending deliveries","service":"delivery-management","timestamp":"2025-04-28 09:27:53"}
